Microsoft (R) Macro Assembler Version 14.39.33523.0	    04/22/24 23:23:48
asmFunc.asm						     Page 1 - 1


				.686

				public _CreateVectorB

				.model flat

 00000000			.data
 00000000 00000000			columnValue dd ?
 00000004 00000000			counter dd ?
 00000008 00000000			tmp dd ?
 0000000C 00000000			tmp2 dd ?
 00000010 00000004			four dd 4
 00000014 00000000			index dd ?
 00000018 00000000			var dd ? ;variable for eax


 00000000			.code

 00000000			_CreateVectorB proc

 00000000  55				push ebp
 00000001  8B E5			mov esp, ebp

 00000003  8D 75 08			lea esi, [ebp + 8] ;*A
 00000006  8B 7D 14			mov edi, [ebp + 20] ; *B

					;2 регистра поход по A
					;1 регистра проход по B
					;2 регистра на хранение массивов

 00000009  B8 00000000			mov eax, 0 ;i
 0000000E  BB 00000000			mov ebx, 0 ;j
 00000013  8B 4D 10			mov ecx, [ebp + 16] ;m
 00000016  C7 05 00000014 R		mov index, 0
	   00000000

 00000020				begin_:
 00000020  C7 05 00000004 R			mov counter, 1
	   00000001
 0000002A  BA 00000000				mov edx, 0

 0000002F  3B 45 0C				cmp eax, [ebp + 12] ;ebp + 12 = n
 00000032  74 7D				je finish_
 00000034				columnsCheck_:
 00000034  3B D9				cmp ebx, ecx ;сравниваем j и кол-во столбцов
 00000036  7F 4E				jg addI_
 00000038  8B D3				mov edx, ebx
 0000003A  03 15 00000004 R			add edx, counter
 00000040  3B D1				cmp edx, ecx ;сравниваем j+1 и кол-во столбцов
 00000042  7F 3F				jg addJ_


 00000044  89 15 00000008 R			mov tmp, edx
 0000004A  F7 E1				mul ecx ;i * m
 0000004C  F7 25 00000010 R			mul four ;i * m * 4
 00000052  A3 00000018 R			mov var, eax
 00000057  8B 15 00000008 R			mov edx, tmp
						

 0000005D  89 0D 0000000C R			mov tmp2, ecx
 00000063  8B 8C 9E				mov ecx, dword ptr[esi + var + ebx * 4]
	   00000018 R
 0000006A  3B 8C 96				cmp ecx, dword ptr[esi + var + edx * 4]
	   00000018 R
 00000071  33 D2				xor edx, edx
 00000073  8B 0D 0000000C R			mov ecx, tmp2
 00000079  74 13				je vecWrite_
 0000007B  FF 05 00000004 R			inc counter
 00000081  EB B1				jmp columnsCheck_
 00000083				addJ_:
 00000083  43					inc ebx
 00000084  EB AE				jmp columnsCheck_
 00000086				addI_:
 00000086  40					inc eax
 00000087  BB 00000000				mov ebx, 0
 0000008C  EB 92				jmp begin_

 0000008E				vecWrite_:

 0000008E  89 1D 00000008 R			mov tmp, ebx ; для временного хранения eax
 00000094  8B 1D 00000014 R			mov ebx, index
						
						;mov tmp2, edx
						;mov edx, [edi]     ; загружаем указатель на массив указателей (int*)

 0000009A  89 04 9A				mov dword ptr [edx + ebx * 4], eax
 0000009D  FF 05 00000014 R			inc index
 000000A3  8B 1D 00000008 R			mov ebx, tmp
 000000A9  8B 15 0000000C R			mov edx, tmp2
 000000AF  EB D5				jmp addI_

 000000B1				finish_:

 000000B1  8B E5				mov esp, ebp
 000000B3  5D					pop ebp
 000000B4  C3					ret
				    
				    
 000000B5			_CreateVectorB ENDP

				END
Microsoft (R) Macro Assembler Version 14.39.33523.0	    04/22/24 23:23:48
asmFunc.asm						     Symbols 2 - 1




Segments and Groups:

                N a m e                 Size     Length   Align   Combine Class

FLAT . . . . . . . . . . . . . .	GROUP
_DATA  . . . . . . . . . . . . .	32 Bit	 0000001C Para	  Public  'DATA'	
_TEXT  . . . . . . . . . . . . .	32 Bit	 000000B5 Para	  Public  'CODE'	


Procedures, parameters, and locals:

                N a m e                 Type     Value    Attr

_CreateVectorB . . . . . . . . .	P Near	 00000000 _TEXT	Length= 000000B5 Public
  begin_ . . . . . . . . . . . .	L Near	 00000020 _TEXT	
  columnsCheck_  . . . . . . . .	L Near	 00000034 _TEXT	
  addJ_  . . . . . . . . . . . .	L Near	 00000083 _TEXT	
  addI_  . . . . . . . . . . . .	L Near	 00000086 _TEXT	
  vecWrite_  . . . . . . . . . .	L Near	 0000008E _TEXT	
  finish_  . . . . . . . . . . .	L Near	 000000B1 _TEXT	


Symbols:

                N a m e                 Type     Value    Attr

@CodeSize  . . . . . . . . . . .	Number	 00000000h   
@DataSize  . . . . . . . . . . .	Number	 00000000h   
@Interface . . . . . . . . . . .	Number	 00000000h   
@Model . . . . . . . . . . . . .	Number	 00000007h   
@code  . . . . . . . . . . . . .	Text   	 _TEXT
@data  . . . . . . . . . . . . .	Text   	 FLAT
@fardata?  . . . . . . . . . . .	Text   	 FLAT
@fardata . . . . . . . . . . . .	Text   	 FLAT
@stack . . . . . . . . . . . . .	Text   	 FLAT
columnValue  . . . . . . . . . .	DWord	 00000000 _DATA	
counter  . . . . . . . . . . . .	DWord	 00000004 _DATA	
four . . . . . . . . . . . . . .	DWord	 00000010 _DATA	
index  . . . . . . . . . . . . .	DWord	 00000014 _DATA	
tmp2 . . . . . . . . . . . . . .	DWord	 0000000C _DATA	
tmp  . . . . . . . . . . . . . .	DWord	 00000008 _DATA	
var  . . . . . . . . . . . . . .	DWord	 00000018 _DATA	

	   0 Warnings
	   0 Errors
